<?xml version="1.0" encoding="UTF-8"?>
<!-- Generated by org.testng.reporters.JUnitReportReporter -->
<testsuite hostname="IN3083072W1" failures="0" tests="2" name="testng.Tata1" time="0.006" errors="0" timestamp="2023-06-15T13:41:08 IST" skipped="0">
  <testcase classname="testng.Tata1" name="Firstclass" time="0.001"/>
  <system-out/>
  <testcase classname="testng.Tata1" name="Demo" time="0.005"/>
  <system-out/>
</testsuite> <!-- testng.Tata1 -->
