<?xml version="1.0" encoding="UTF-8"?>
<!-- Generated by org.testng.reporters.JUnitReportReporter -->
<testsuite hostname="IN3083072W1" failures="0" tests="1" name="testng.Test2" time="0.005" errors="0" timestamp="2023-07-04T12:39:09 IST" skipped="0">
  <testcase classname="testng.Test2" name="Firstclass" time="0.005"/>
  <system-out/>
</testsuite> <!-- testng.Test2 -->
