<?xml version="1.0" encoding="UTF-8"?>
<!-- Generated by org.testng.reporters.JUnitReportReporter -->
<testsuite hostname="IN3083072W1" failures="0" tests="1" name="oopwithtestng.P2" time="0.008" errors="0" timestamp="2023-07-13T16:50:33 IST" skipped="0">
  <testcase classname="oopwithtestng.P2" name="testRun" time="0.008"/>
  <system-out/>
</testsuite> <!-- oopwithtestng.P2 -->
